{
  "0 debug pnpm:scope": {
    "selected": 1
  },
  "1 warn pnpm": {
    "message": "Unsupported engine: wanted: {\"node\":\"14.x\"} (current: {\"node\":\"v16.5.0\",\"pnpm\":\"6.7.6\"})",
    "prefix": "/Users/tim/Sites/_starter-projects/react-frets"
  },
  "2 info pnpm": {
    "err": {
      "name": "Error",
      "message": "Command failed with ENOENT: iu\nspawn iu ENOENT",
      "code": "ENOENT",
      "stack": "Error: Command failed with ENOENT: iu\nspawn iu ENOENT\n    at Process.ChildProcess._handle.onexit (node:internal/child_process:282:19)\n    at onErrorNT (node:internal/child_process:480:16)\n    at processTicksAndRejections (node:internal/process/task_queues:83:21)"
    }
  },
  "3 error pnpm": {
    "errno": -2,
    "code": "ERR_PNPM_RECURSIVE_EXEC_FIRST_FAIL",
    "syscall": "spawn iu",
    "path": "iu",
    "spawnargs": [],
    "originalMessage": "spawn iu ENOENT",
    "shortMessage": "Command failed with ENOENT: iu\nspawn iu ENOENT",
    "command": "iu",
    "escapedCommand": "iu",
    "failed": true,
    "timedOut": false,
    "isCanceled": false,
    "killed": false,
    "prefix": "/Users/tim/Sites/_starter-projects/react-frets",
    "err": {
      "name": "Error",
      "message": "Command failed with ENOENT: iu\nspawn iu ENOENT",
      "code": "ERR_PNPM_RECURSIVE_EXEC_FIRST_FAIL",
      "stack": "Error: Command failed with ENOENT: iu\nspawn iu ENOENT\n    at Process.ChildProcess._handle.onexit (node:internal/child_process:282:19)\n    at onErrorNT (node:internal/child_process:480:16)\n    at processTicksAndRejections (node:internal/process/task_queues:83:21)"
    }
  }
}